[INFO] Turn iridium modem and GPS off until ready to use
[INFO] [0.001] - Time between burst and call: 2.000000
[INFO] [2388038.838] - Turn GPS off
[INFO] [2388038.838] - Turn GPS on
[INFO] [2388038.838] - Set GPS to 115200 baud
[INFO] [2388038.838] - Serial output: 
[INFO] [2388038.838] - Set sampling rate
[INFO] [2388038.838] - Serial output: 
[INFO] [2388038.838] - GPS file: /home/pi/microSWIFT/data/003_GPS_21Sep2020_12:00:00UTC_burst_12.dat
[INFO] [2388038.838] - Beginning to record serial
[INFO] [2388038.838] - Record_serial
[INFO] [2388038.838] - Burst number: 1
[INFO] [2388038.838] - Create empty array for u,v,z,lat,lon,temp,volt with number of samples
[INFO] [2388038.838] - Open GPS port and file name: /dev/ttyS0, /home/pi/microSWIFT/data/003_GPS_21Sep2020_12:00:00UTC_burst_12.dat
[INFO] [2388038.840] - New GPS output
[INFO] [2388038.840] - New GPS output
[INFO] [2388038.840] - New GPS output
[INFO] [2388038.840] - New GPS output
[INFO] [2388038.840] - New GPS output
[INFO] [2388038.840] - No serial data
[INFO] [2388038.838] - In loop , u=[999. 999. 999. ... 999. 999. 999.], v=[999. 999. 999. ... 999. 999. 999.], z=[999. 999. 999. ... 999. 999. 999.]
[INFO] [2388077.281] - Turn GPS off
[INFO] [2388077.281] - Turn GPS on
[INFO] [2388077.281] - Set GPS to 115200 baud
[INFO] [2388077.281] - Serial output: 
[INFO] [2388077.281] - Set sampling rate
[INFO] [2388077.281] - Serial output: 
[INFO] [2388077.281] - GPS file: /home/pi/microSWIFT/data/003_GPS_21Sep2020_12:00:38UTC_burst_12.dat
[INFO] [2388077.281] - Beginning to record serial
[INFO] [2388077.281] - Record_serial
[INFO] [2388077.281] - Burst number: 2
[INFO] [2388077.281] - Create empty array for u,v,z,lat,lon,temp,volt with number of samples
[INFO] [2388077.281] - Open GPS port and file name: /dev/ttyS0, /home/pi/microSWIFT/data/003_GPS_21Sep2020_12:00:38UTC_burst_12.dat
[INFO] [2388077.282] - New GPS output
[INFO] [2388077.282] - New GPS output
[INFO] [2388077.282] - New GPS output
[INFO] [2388077.282] - New GPS output
[INFO] [2388077.282] - New GPS output
[INFO] [2388077.282] - No serial data
[INFO] [2388077.281] - In loop , u=[999. 999. 999. ... 999. 999. 999.], v=[999. 999. 999. ... 999. 999. 999.], z=[999. 999. 999. ... 999. 999. 999.]
[INFO] [2388578.479] - Turn GPS off
[INFO] [2388578.479] - Turn GPS on
[INFO] [2388578.479] - Set GPS to 115200 baud
[INFO] [2388578.479] - Serial output: 
[INFO] [2388578.479] - Set sampling rate
[INFO] [2388578.479] - Serial output: 
[INFO] [2388638.536] - Condition met to get GPS data
[INFO] [2388638.536] - GPS_waves_results: (9999.0, 9999.0, 9999.0, array([[9.99900000e+003],
       [0.00000000e+000],
       [0.00000000e+000],
       [0.00000000e+000],
       [0.00000000e+000],
       [0.00000000e+000],
       [0.00000000e+000],
       [0.00000000e+000],
       [0.00000000e+000],
       [0.00000000e+000],
       [0.00000000e+000],
       [0.00000000e+000],
       [0.00000000e+000],
       [0.00000000e+000],
       [0.00000000e+000],
       [0.00000000e+000],
       [2.90713423e-312],
       [9.99900000e+003],
       [0.00000000e+000],
       [0.00000000e+000],
       [0.00000000e+000],
       [0.00000000e+000],
       [0.00000000e+000],
       [0.00000000e+000],
       [0.00000000e+000],
       [0.00000000e+000],
       [0.00000000e+000],
       [0.00000000e+000],
       [0.00000000e+000],
       [0.00000000e+000],
       [0.00000000e+000],
       [0.00000000e+000],
       [0.00000000e+000],
       [2.90713423e-312],
       [9.99900000e+003],
       [0.00000000e+000],
       [0.00000000e+000],
       [0.00000000e+000],
       [0.00000000e+000],
       [0.00000000e+000],
       [0.00000000e+000],
       [0.00000000e+000]]), array([[9.99900000e+003],
       [0.00000000e+000],
       [0.00000000e+000],
       [0.00000000e+000],
       [0.00000000e+000],
       [0.00000000e+000],
       [0.00000000e+000],
       [0.00000000e+000],
       [0.00000000e+000],
       [0.00000000e+000],
       [0.00000000e+000],
       [0.00000000e+000],
       [0.00000000e+000],
       [0.00000000e+000],
       [0.00000000e+000],
       [0.00000000e+000],
       [2.90713423e-312],
       [9.99900000e+003],
       [0.00000000e+000],
       [0.00000000e+000],
       [0.00000000e+000],
       [0.00000000e+000],
       [0.00000000e+000],
       [0.00000000e+000],
       [0.00000000e+000],
       [0.00000000e+000],
       [0.00000000e+000],
       [0.00000000e+000],
       [0.00000000e+000],
       [0.00000000e+000],
       [0.00000000e+000],
       [0.00000000e+000],
       [0.00000000e+000],
       [2.90713423e-312],
       [9.99900000e+003],
       [0.00000000e+000],
       [0.00000000e+000],
       [0.00000000e+000],
       [0.00000000e+000],
       [0.00000000e+000],
       [0.00000000e+000],
       [0.00000000e+000]]), array([[9.99900000e+003],
       [0.00000000e+000],
       [0.00000000e+000],
       [0.00000000e+000],
       [0.00000000e+000],
       [0.00000000e+000],
       [0.00000000e+000],
       [0.00000000e+000],
       [0.00000000e+000],
       [0.00000000e+000],
       [0.00000000e+000],
       [0.00000000e+000],
       [0.00000000e+000],
       [0.00000000e+000],
       [0.00000000e+000],
       [0.00000000e+000],
       [2.90713423e-312],
       [9.99900000e+003],
       [0.00000000e+000],
       [0.00000000e+000],
       [0.00000000e+000],
       [0.00000000e+000],
       [0.00000000e+000],
       [0.00000000e+000],
       [0.00000000e+000],
       [0.00000000e+000],
       [0.00000000e+000],
       [0.00000000e+000],
       [0.00000000e+000],
       [0.00000000e+000],
       [0.00000000e+000],
       [0.00000000e+000],
       [0.00000000e+000],
       [1.54905693e-312],
       [6.08549066e+264],
       [1.75660851e+264],
       [0.00000000e+000],
       [4.09984409e+135],
       [2.40019040e-306],
       [2.82464512e+258],
       [1.00317603e+192],
       [2.40016867e-306]]), array([[9.99900000e+003],
       [0.00000000e+000],
       [0.00000000e+000],
       [0.00000000e+000],
       [0.00000000e+000],
       [0.00000000e+000],
       [0.00000000e+000],
       [0.00000000e+000],
       [0.00000000e+000],
       [0.00000000e+000],
       [0.00000000e+000],
       [0.00000000e+000],
       [0.00000000e+000],
       [0.00000000e+000],
       [0.00000000e+000],
       [0.00000000e+000],
       [1.54905693e-312],
       [6.08549066e+264],
       [1.75660851e+264],
       [0.00000000e+000],
       [4.09984409e+135],
       [2.40019040e-306],
       [2.82464512e+258],
       [1.00317603e+192],
       [2.40016867e-306],
       [1.18831764e-312],
       [1.73486907e-307],
       [0.00000000e+000],
       [0.00000000e+000],
       [0.00000000e+000],
       [0.00000000e+000],
       [0.00000000e+000],
       [1.38000054e-312],
       [1.73486907e-307],
       [0.00000000e+000],
       [0.00000000e+000],
       [0.00000000e+000],
       [0.00000000e+000],
       [0.00000000e+000],
       [1.63321176e-301],
       [8.70018275e-313],
       [1.73486907e-307]]), array([[9.99900000e+003],
       [0.00000000e+000],
       [0.00000000e+000],
       [0.00000000e+000],
       [0.00000000e+000],
       [0.00000000e+000],
       [0.00000000e+000],
       [0.00000000e+000],
       [0.00000000e+000],
       [0.00000000e+000],
       [0.00000000e+000],
       [0.00000000e+000],
       [0.00000000e+000],
       [0.00000000e+000],
       [0.00000000e+000],
       [0.00000000e+000],
       [2.90713423e-312],
       [9.99900000e+003],
       [0.00000000e+000],
       [0.00000000e+000],
       [0.00000000e+000],
       [0.00000000e+000],
       [0.00000000e+000],
       [0.00000000e+000],
       [0.00000000e+000],
       [0.00000000e+000],
       [0.00000000e+000],
       [0.00000000e+000],
       [0.00000000e+000],
       [0.00000000e+000],
       [0.00000000e+000],
       [0.00000000e+000],
       [0.00000000e+000],
       [2.55679273e-310],
       [6.08865799e+264],
       [3.15808384e-306],
       [7.74860419e-304],
       [7.74860419e-304],
       [7.74860419e-304],
       [7.74860419e-304],
       [7.74860419e-304],
       [7.74860419e-304]]), array([[9.99900000e+003],
       [0.00000000e+000],
       [0.00000000e+000],
       [0.00000000e+000],
       [0.00000000e+000],
       [0.00000000e+000],
       [0.00000000e+000],
       [0.00000000e+000],
       [0.00000000e+000],
       [0.00000000e+000],
       [0.00000000e+000],
       [0.00000000e+000],
       [0.00000000e+000],
       [0.00000000e+000],
       [0.00000000e+000],
       [0.00000000e+000],
       [2.55679273e-310],
       [6.08865799e+264],
       [3.15808384e-306],
       [7.74860419e-304],
       [7.74860419e-304],
       [7.74860419e-304],
       [7.74860419e-304],
       [7.74860419e-304],
       [7.74860419e-304],
       [7.74860419e-304],
       [7.74860419e-304],
       [7.74860419e-304],
       [7.74860419e-304],
       [7.74860419e-304],
       [7.74860419e-304],
       [7.74860419e-304],
       [7.74860419e-304],
       [7.74860419e-304],
       [7.74860419e-304],
       [7.74860419e-304],
       [7.74860419e-304],
       [7.74860419e-304],
       [7.74860419e-304],
       [7.74860419e-304],
       [7.74860419e-304],
       [7.74860419e-304]]))
[INFO] [2388638.536] - Get mean temp
[INFO] [2388638.536] - Mean temp file to open: /home/pi/microSWIFT/data/microswift_003_TX_TempMean_New.dat
[INFO] [2388638.536] - Get mean Temperature = -50.000000
[INFO] [2388638.536] - Get mean volt
